Arguments: 
  /Applications/Framer X.app/Contents/Resources/Node/bin/node /Applications/Framer X.app/Contents/Resources/Server/node_modules/yarn/bin/yarn.js outdated --cwd /Users/jackylee/Library/Autosave Information/Framer-0018098D-BBD0-42FB-858E-9F0BF5EA2AA4/container --skip-integrity-check --cache-folder /Users/jackylee/Library/Caches/Framer/yarn/cache --mutex file:/Users/jackylee/Library/Caches/Framer/yarn/mutex --json --ignore-scripts --link-folder /Users/jackylee/Library/Application Support/Framer X/yarn-link-folder

PATH: 
  undefined

Yarn version: 
  1.15.2

Node version: 
  10.13.0

Platform: 
  darwin x64

Trace: 
  Error: getaddrinfo ENOTFOUND registry.framer.com registry.framer.com:443
      at GetAddrInfoReqWrap.onlookup [as oncomplete] (dns.js:57:26)

npm manifest: 
  {
  	"main": "dist/index.js",
  	"license": "MIT",
  	"devDependencies": {
  		"@framer/framer.device-hand-iphone-1": "^1.0.0",
  		"@framer/framer.device-hand-iphone-2": "^1.0.0",
  		"@framer/framer.device-skin-apple-iphone-xr-coral": "^1.0.0",
  		"@framer/framer.device-skin-apple-iphone-xr-spacegrey": "^1.0.0",
  		"@types/react": "^16.8"
  	},
  	"peerDependencies": {
  		"framer": "^1.0",
  		"react": "^16.8"
  	},
  	"framer": {
  		"id": "69e6e402-c7d5-4b29-aa2b-f4258e8a7342"
  	},
  	"author": "Jacky Lee",
  	"dependencies": {
  		"lodash": "^4.17.11"
  	}
  }

yarn manifest: 
  No manifest

Lockfile: 
  # THIS IS AN AUTOGENERATED FILE. DO NOT EDIT THIS FILE DIRECTLY.
  # yarn lockfile v1
  
  
  "@framer/framer.device-hand-iphone-1@^1.0.0":
    version "1.0.0"
    resolved "https://registry.framer.com/@framer/framer.device-hand-iphone-1/-/@framer/framer.device-hand-iphone-1-1.0.0.tgz#0fbfd5313694b8834b91b138c9a961e59cfea1fd"
    integrity sha512-Ed19vZ83g7h27/HBTnLddyBtO8pY6KcrqoSmeGPJYnnWltFgrbS+QWzLo12UQqnHjcK0efyniWoT7H73qhJYUQ==
  
  "@framer/framer.device-hand-iphone-2@^1.0.0":
    version "1.0.0"
    resolved "https://registry.framer.com/@framer/framer.device-hand-iphone-2/-/@framer/framer.device-hand-iphone-2-1.0.0.tgz#201c6b49236e837f931d0240cb434e396151d4f0"
    integrity sha512-5EX3fF8B0t419kRFa0/NpHbmV/ffrH4bB1/0neoGUixea4VQ2ZX1RdAL/xq8QWTGDgaHGDKnrW39cOl8GIhFTA==
  
  "@framer/framer.device-skin-apple-iphone-xr-coral@^1.0.0":
    version "1.0.0"
    resolved "https://registry.framer.com/@framer/framer.device-skin-apple-iphone-xr-coral/-/@framer/framer.device-skin-apple-iphone-xr-coral-1.0.0.tgz#0ddf2fcc4c1f94e1789a09ab775c4d0090ec1415"
    integrity sha512-2whlGIBFi7UFt3cp9qhD54noFBP6wCgZssNjNC8wOMFGeRY5c3ludmjRyxMbnTq7Ic7UcYPBJpWKgsZqLpd4pg==
  
  "@framer/framer.device-skin-apple-iphone-xr-spacegrey@^1.0.0":
    version "1.0.0"
    resolved "https://registry.framer.com/@framer/framer.device-skin-apple-iphone-xr-spacegrey/-/@framer/framer.device-skin-apple-iphone-xr-spacegrey-1.0.0.tgz#8e138f2b08d622a1ac590ebbe355cce6e99814e3"
    integrity sha512-UbnsXG9zTup+MD5s/N3ZNgDeNMfBFKBECmeZHnIhmkqOuXHF1aBkVN8M+eEg10Ad1Eoyvgx7mlPqi6FCNXA8eQ==
  
  "@types/prop-types@*":
    version "15.7.0"
    resolved "https://registry.yarnpkg.com/@types/prop-types/-/prop-types-15.7.0.tgz#4c48fed958d6dcf9487195a0ef6456d5f6e0163a"
    integrity sha512-eItQyV43bj4rR3JPV0Skpl1SncRCdziTEK9/v8VwXmV6d/qOUO8/EuWeHBbCZcsfSHfzI5UyMJLCSXtxxznyZg==
  
  "@types/react@^16.8":
    version "16.8.4"
    resolved "https://registry.yarnpkg.com/@types/react/-/react-16.8.4.tgz#134307f5266e866d5e7c25e47f31f9abd5b2ea34"
    integrity sha512-Mpz1NNMJvrjf0GcDqiK8+YeOydXfD8Mgag3UtqQ5lXYTsMnOiHcKmO48LiSWMb1rSHB9MV/jlgyNzeAVxWMZRQ==
    dependencies:
      "@types/prop-types" "*"
      csstype "^2.2.0"
  
  csstype@^2.2.0:
    version "2.6.1"
    resolved "https://registry.yarnpkg.com/csstype/-/csstype-2.6.1.tgz#4cfbf637a577497036ebcd7e32647ef19a0b8076"
    integrity sha512-wv7IRqCGsL7WGKB8gPvrl+++HlFM9kxAM6jL1EXNPNTshEJYilMkbfS2SnuHha77uosp/YVK0wAp2jmlBzn1tg==
  
  lodash@^4.17.11:
    version "4.17.11"
    resolved "https://registry.yarnpkg.com/lodash/-/lodash-4.17.11.tgz#b39ea6229ef607ecd89e2c8df12536891cac9b8d"
    integrity sha512-cQKh8igo5QUhZ7lg38DYWAxMvjSAKG0A8wGSVimP07SIUEK2UO+arSRKbRZWtelMtN5V0Hkwh5ryOto/SshYIg==
